<?xml version="1.0" encoding="UTF-8"?>
<!-- Generated by org.testng.reporters.JUnitReportReporter -->
<testsuite hostname="DESKTOP-U0COAFJ" failures="0" tests="1" name="com.crm.pages.BasePages" time="7.701" errors="0" timestamp="2022-08-01T14:03:06 IST" skipped="0">
  <testcase classname="com.crm.pages.BasePages" name="Fileread" time="7.701"/>
  <system-out/>
</testsuite> <!-- com.crm.pages.BasePages -->
